
> filebrowser-frontend@3.0.0 dev /Users/x/DATA0/Projects/storagebrowser/frontend
> vite dev


  VITE v6.4.1  ready in 199 ms

  ➜  Local:   http://localhost:5173/
  ➜  Network: http://192.168.3.145:5173/
  ➜  Network: http://100.85.129.98:5173/
9:58:32 AM [vite] (client) warning: <tr> cannot be child of <table>, according to HTML specifications. This can cause hydration errors or potentially disrupt future functionality.
15 |          <div class="card-content full">
16 |            <table>
17 |              <tr>
   |              ^^^^
18 |                <th>{{ t("settings.username") }}</th>
   |  ^^^^^^^^^^^^^^^^^^^^^^^^^^^^^^^^^^^^^^^^^^^^^^^^^^^
19 |                <th>{{ t("settings.admin") }}</th>
   |  ^^^^^^^^^^^^^^^^^^^^^^^^^^^^^^^^^^^^^^^^^^^^^^^^
20 |                <th>{{ t("settings.scope") }}</th>
   |  ^^^^^^^^^^^^^^^^^^^^^^^^^^^^^^^^^^^^^^^^^^^^^^^^
21 |                <th></th>
   |  ^^^^^^^^^^^^^^^^^^^^^^^
22 |              </tr>
   |  ^^^^^^^^^^^^^^^^^
  Plugin: vite:vue
  File: /Users/x/DATA0/Projects/storagebrowser/frontend/src/views/settings/Users.vue
9:58:32 AM [vite] (client) warning: <tr> cannot be child of <table>, according to HTML specifications. This can cause hydration errors or potentially disrupt future functionality.
10 |          <div class="card-content full" v-if="links.length > 0">
11 |            <table>
12 |              <tr>
   |              ^^^^
13 |                <th>{{ t("settings.path") }}</th>
   |  ^^^^^^^^^^^^^^^^^^^^^^^^^^^^^^^^^^^^^^^^^^^^^^^
14 |                <th>{{ t("settings.shareDuration") }}</th>
   |  ^^^^^^^^^^^^^^^^^^^^^^^^^^^^^^^^^^^^^^^^^^^^^^^^^^^^^^^^
15 |                <th v-if="authStore.user?.perm.admin">
   |  ^^^^^^^^^^^^^^^^^^^^^^^^^^^^^^^^^^^^^^^^^^^^^^^^^^^^
16 |                  {{ t("settings.username") }}
   |  ^^^^^^^^^^^^^^^^^^^^^^^^^^^^^^^^^^^^^^^^^^^^
17 |                </th>
   |  ^^^^^^^^^^^^^^^^^^^
18 |                <th></th>
   |  ^^^^^^^^^^^^^^^^^^^^^^^
19 |                <th></th>
   |  ^^^^^^^^^^^^^^^^^^^^^^^
20 |              </tr>
   |  ^^^^^^^^^^^^^^^^^
  Plugin: vite:vue
  File: /Users/x/DATA0/Projects/storagebrowser/frontend/src/views/settings/Shares.vue
[1m[33m[@vue/compiler-sfc][0m[33m `defineExpose` is a compiler macro and no longer needs to be imported.[0m

9:58:32 AM [vite] (client) warning: <tr> cannot be child of <table>, according to HTML specifications. This can cause hydration errors or potentially disrupt future functionality.
8  |        <div class="card-content">
9  |          <table>
10 |            <tr>
   |            ^^^^
11 |              <th>#</th>
   |  ^^^^^^^^^^^^^^^^^^^^^^
12 |              <th>{{ $t("settings.shareDuration") }}</th>
   |  ^^^^^^^^^^^^^^^^^^^^^^^^^^^^^^^^^^^^^^^^^^^^^^^^^^^^^^^
13 |              <th></th>
   |  ^^^^^^^^^^^^^^^^^^^^^
14 |              <th></th>
   |  ^^^^^^^^^^^^^^^^^^^^^
15 |            </tr>
   |  ^^^^^^^^^^^^^^^
  Plugin: vite:vue
  File: /Users/x/DATA0/Projects/storagebrowser/frontend/src/components/prompts/Share.vue
